[I 2023-12-10 03:06:38.288 ServerApp] Package jupyterlab took 0.0000s to import
[I 2023-12-10 03:06:38.296 ServerApp] Package jupyter_lsp took 0.0076s to import
[W 2023-12-10 03:06:38.297 ServerApp] A `_jupyter_server_extension_points` function was not found in jupyter_lsp. Instead, a `_jupyter_server_extension_paths` function was found and will be used for now. This function name will be deprecated in future releases of Jupyter Server.
[I 2023-12-10 03:06:38.300 ServerApp] Package jupyter_server_terminals took 0.0033s to import
[I 2023-12-10 03:06:38.300 ServerApp] Package notebook took 0.0000s to import
[I 2023-12-10 03:06:38.302 ServerApp] Package notebook_shim took 0.0000s to import
[W 2023-12-10 03:06:38.302 ServerApp] A `_jupyter_server_extension_points` function was not found in notebook_shim. Instead, a `_jupyter_server_extension_paths` function was found and will be used for now. This function name will be deprecated in future releases of Jupyter Server.
[I 2023-12-10 03:06:38.302 ServerApp] jupyter_lsp | extension was successfully linked.
[I 2023-12-10 03:06:38.305 ServerApp] jupyter_server_terminals | extension was successfully linked.
[I 2023-12-10 03:06:38.309 ServerApp] jupyterlab | extension was successfully linked.
[I 2023-12-10 03:06:38.313 ServerApp] notebook | extension was successfully linked.
[I 2023-12-10 03:06:38.463 ServerApp] notebook_shim | extension was successfully linked.
[I 2023-12-10 03:06:38.478 ServerApp] notebook_shim | extension was successfully loaded.
[I 2023-12-10 03:06:38.480 ServerApp] jupyter_lsp | extension was successfully loaded.
[I 2023-12-10 03:06:38.480 ServerApp] jupyter_server_terminals | extension was successfully loaded.
[I 2023-12-10 03:06:38.481 LabApp] JupyterLab extension loaded from /root/anaconda3/envs/r_env/lib/python3.12/site-packages/jupyterlab
[I 2023-12-10 03:06:38.482 LabApp] JupyterLab application directory is /root/anaconda3/envs/r_env/share/jupyter/lab
[I 2023-12-10 03:06:38.482 LabApp] Extension Manager is 'pypi'.
[I 2023-12-10 03:06:38.484 ServerApp] jupyterlab | extension was successfully loaded.
[I 2023-12-10 03:06:38.486 ServerApp] notebook | extension was successfully loaded.
[I 2023-12-10 03:06:38.486 ServerApp] The port 34107 is already in use, trying another port.
[I 2023-12-10 03:06:38.486 ServerApp] Serving notebooks from local directory: /root/R
[I 2023-12-10 03:06:38.486 ServerApp] Jupyter Server 2.11.2 is running at:
[I 2023-12-10 03:06:38.486 ServerApp] http://1711c9b98586:34108/lab
[I 2023-12-10 03:06:38.486 ServerApp]     http://127.0.0.1:34108/lab
[I 2023-12-10 03:06:38.486 ServerApp] Use Control-C to stop this server and shut down all kernels (twice to skip confirmation).
[W 2023-12-10 03:06:38.489 ServerApp] No web browser found: Error('could not locate runnable browser').
[I 2023-12-10 03:06:38.722 ServerApp] Skipped non-installed server(s): bash-language-server, dockerfile-language-server-nodejs, javascript-typescript-langserver, jedi-language-server, julia-language-server, pyright, python-language-server, python-lsp-server, r-languageserver, sql-language-server, texlab, typescript-language-server, unified-language-server, vscode-css-languageserver-bin, vscode-html-languageserver-bin, vscode-json-languageserver-bin, yaml-language-server
[I 2023-12-10 03:06:41.340 ServerApp] Interrupted...
[I 2023-12-10 03:06:46.184 ServerApp] Package jupyterlab took 0.0000s to import
[I 2023-12-10 03:06:46.192 ServerApp] Package jupyter_lsp took 0.0077s to import
[W 2023-12-10 03:06:46.192 ServerApp] A `_jupyter_server_extension_points` function was not found in jupyter_lsp. Instead, a `_jupyter_server_extension_paths` function was found and will be used for now. This function name will be deprecated in future releases of Jupyter Server.
[I 2023-12-10 03:06:46.196 ServerApp] Package jupyter_server_terminals took 0.0032s to import
[I 2023-12-10 03:06:46.196 ServerApp] Package notebook took 0.0000s to import
[I 2023-12-10 03:06:46.197 ServerApp] Package notebook_shim took 0.0000s to import
[W 2023-12-10 03:06:46.197 ServerApp] A `_jupyter_server_extension_points` function was not found in notebook_shim. Instead, a `_jupyter_server_extension_paths` function was found and will be used for now. This function name will be deprecated in future releases of Jupyter Server.
[I 2023-12-10 03:06:46.198 ServerApp] jupyter_lsp | extension was successfully linked.
[I 2023-12-10 03:06:46.201 ServerApp] jupyter_server_terminals | extension was successfully linked.
[I 2023-12-10 03:06:46.204 ServerApp] jupyterlab | extension was successfully linked.
[I 2023-12-10 03:06:46.208 ServerApp] notebook | extension was successfully linked.
[I 2023-12-10 03:06:46.357 ServerApp] notebook_shim | extension was successfully linked.
[I 2023-12-10 03:06:46.373 ServerApp] notebook_shim | extension was successfully loaded.
[I 2023-12-10 03:06:46.374 ServerApp] jupyter_lsp | extension was successfully loaded.
[I 2023-12-10 03:06:46.375 ServerApp] jupyter_server_terminals | extension was successfully loaded.
[I 2023-12-10 03:06:46.376 LabApp] JupyterLab extension loaded from /root/anaconda3/envs/r_env/lib/python3.12/site-packages/jupyterlab
[I 2023-12-10 03:06:46.376 LabApp] JupyterLab application directory is /root/anaconda3/envs/r_env/share/jupyter/lab
[I 2023-12-10 03:06:46.376 LabApp] Extension Manager is 'pypi'.
[I 2023-12-10 03:06:46.379 ServerApp] jupyterlab | extension was successfully loaded.
[I 2023-12-10 03:06:46.380 ServerApp] notebook | extension was successfully loaded.
[I 2023-12-10 03:06:46.380 ServerApp] The port 34107 is already in use, trying another port.
[I 2023-12-10 03:06:46.381 ServerApp] Serving notebooks from local directory: /root/R
[I 2023-12-10 03:06:46.381 ServerApp] Jupyter Server 2.11.2 is running at:
[I 2023-12-10 03:06:46.381 ServerApp] http://1711c9b98586:34108/lab
[I 2023-12-10 03:06:46.381 ServerApp]     http://127.0.0.1:34108/lab
[I 2023-12-10 03:06:46.381 ServerApp] Use Control-C to stop this server and shut down all kernels (twice to skip confirmation).
[W 2023-12-10 03:06:46.384 ServerApp] No web browser found: Error('could not locate runnable browser').
[I 2023-12-10 03:06:46.589 ServerApp] Skipped non-installed server(s): bash-language-server, dockerfile-language-server-nodejs, javascript-typescript-langserver, jedi-language-server, julia-language-server, pyright, python-language-server, python-lsp-server, r-languageserver, sql-language-server, texlab, typescript-language-server, unified-language-server, vscode-css-languageserver-bin, vscode-html-languageserver-bin, vscode-json-languageserver-bin, yaml-language-server
[C 2023-12-10 03:08:31.775 ServerApp] received signal 15, stopping
[I 2023-12-10 03:08:31.776 ServerApp] Shutting down 5 extensions
[I 2023-12-10 03:10:19.019 ServerApp] Package jupyterlab took 0.0000s to import
[I 2023-12-10 03:10:19.027 ServerApp] Package jupyter_lsp took 0.0075s to import
[W 2023-12-10 03:10:19.027 ServerApp] A `_jupyter_server_extension_points` function was not found in jupyter_lsp. Instead, a `_jupyter_server_extension_paths` function was found and will be used for now. This function name will be deprecated in future releases of Jupyter Server.
[I 2023-12-10 03:10:19.030 ServerApp] Package jupyter_server_terminals took 0.0032s to import
[I 2023-12-10 03:10:19.031 ServerApp] Package notebook took 0.0000s to import
[I 2023-12-10 03:10:19.032 ServerApp] Package notebook_shim took 0.0000s to import
[W 2023-12-10 03:10:19.032 ServerApp] A `_jupyter_server_extension_points` function was not found in notebook_shim. Instead, a `_jupyter_server_extension_paths` function was found and will be used for now. This function name will be deprecated in future releases of Jupyter Server.
[I 2023-12-10 03:10:19.033 ServerApp] jupyter_lsp | extension was successfully linked.
[I 2023-12-10 03:10:19.036 ServerApp] jupyter_server_terminals | extension was successfully linked.
[I 2023-12-10 03:10:19.039 ServerApp] jupyterlab | extension was successfully linked.
[I 2023-12-10 03:10:19.043 ServerApp] notebook | extension was successfully linked.
[I 2023-12-10 03:10:19.192 ServerApp] notebook_shim | extension was successfully linked.
[I 2023-12-10 03:10:19.208 ServerApp] notebook_shim | extension was successfully loaded.
[I 2023-12-10 03:10:19.210 ServerApp] jupyter_lsp | extension was successfully loaded.
[I 2023-12-10 03:10:19.210 ServerApp] jupyter_server_terminals | extension was successfully loaded.
[I 2023-12-10 03:10:19.211 LabApp] JupyterLab extension loaded from /root/anaconda3/envs/r_env/lib/python3.12/site-packages/jupyterlab
[I 2023-12-10 03:10:19.212 LabApp] JupyterLab application directory is /root/anaconda3/envs/r_env/share/jupyter/lab
[I 2023-12-10 03:10:19.212 LabApp] Extension Manager is 'pypi'.
[I 2023-12-10 03:10:19.214 ServerApp] jupyterlab | extension was successfully loaded.
[I 2023-12-10 03:10:19.216 ServerApp] notebook | extension was successfully loaded.
[I 2023-12-10 03:10:19.216 ServerApp] Serving notebooks from local directory: /root/R
[I 2023-12-10 03:10:19.216 ServerApp] Jupyter Server 2.11.2 is running at:
[I 2023-12-10 03:10:19.216 ServerApp] http://1711c9b98586:34107/lab
[I 2023-12-10 03:10:19.216 ServerApp]     http://127.0.0.1:34107/lab
[I 2023-12-10 03:10:19.216 ServerApp] Use Control-C to stop this server and shut down all kernels (twice to skip confirmation).
[W 2023-12-10 03:10:19.219 ServerApp] No web browser found: Error('could not locate runnable browser').
[I 2023-12-10 03:10:19.453 ServerApp] Skipped non-installed server(s): bash-language-server, dockerfile-language-server-nodejs, javascript-typescript-langserver, jedi-language-server, julia-language-server, pyright, python-language-server, python-lsp-server, r-languageserver, sql-language-server, texlab, typescript-language-server, unified-language-server, vscode-css-languageserver-bin, vscode-html-languageserver-bin, vscode-json-languageserver-bin, yaml-language-server
[I 2023-12-10 03:10:45.755 ServerApp] 302 GET / (@222.105.106.20) 0.53ms
0.00s - Debugger warning: It seems that frozen modules are being used, which may
0.00s - make the debugger miss breakpoints. Please pass -Xfrozen_modules=off
0.00s - to python to disable frozen modules.
0.00s - Note: Debugging will proceed. Set PYDEVD_DISABLE_FILE_VALIDATION=1 to disable this validation.
[W 2023-12-10 03:10:48.165 LabApp] Could not determine jupyterlab build status without nodejs
[W 2023-12-10 03:10:48.849 ServerApp] 404 GET /api/contents/R/economatrics/course/1.%20R%2C%20%EA%B7%B8%20%EC%9C%84%EB%8C%80%ED%95%9C%20%EC%8B%9C%EC%9E%91.ipynb?content=0&1702177847088 (79472a27218245fea48d3d8d42bd7d1e@222.105.106.20) 1.11ms referer=http://210.117.173.186:34107/lab?
[W 2023-12-10 03:10:48.849 ServerApp] 404 GET /api/contents/R/economatrics/course/1.%20R%2C%20%EA%B7%B8%20%EC%9C%84%EB%8C%80%ED%95%9C%20%EC%8B%9C%EC%9E%91.ipynb?content=0&1702177847088 (222.105.106.20): No such file or directory: R/economatrics/course/1. R, 그 위대한 시작.ipynb
[W 2023-12-10 03:10:48.850 ServerApp] 404 GET /api/contents/R/economatrics/course/logistic%20regression.ipynb?content=0&1702177847086 (79472a27218245fea48d3d8d42bd7d1e@222.105.106.20) 0.51ms referer=http://210.117.173.186:34107/lab?
[W 2023-12-10 03:10:48.850 ServerApp] 404 GET /api/contents/R/economatrics/course/logistic%20regression.ipynb?content=0&1702177847086 (222.105.106.20): No such file or directory: R/economatrics/course/logistic regression.ipynb
[W 2023-12-10 03:10:48.851 ServerApp] 404 GET /api/contents/2023_MP/practice/C8.%20Autogluon%20-%20%EC%97%AC%EB%9F%AC%EA%B0%80%EC%A7%80%20%EC%9C%A0%ED%98%95%EC%9D%98%20%EB%8D%B0%EC%9D%B4%ED%84%B0.ipynb?content=0&1702177847089 (79472a27218245fea48d3d8d42bd7d1e@222.105.106.20) 0.56ms referer=http://210.117.173.186:34107/lab?
[W 2023-12-10 03:10:48.851 ServerApp] 404 GET /api/contents/2023_MP/practice/C8.%20Autogluon%20-%20%EC%97%AC%EB%9F%AC%EA%B0%80%EC%A7%80%20%EC%9C%A0%ED%98%95%EC%9D%98%20%EB%8D%B0%EC%9D%B4%ED%84%B0.ipynb?content=0&1702177847089 (222.105.106.20): No such file or directory: 2023_MP/practice/C8. Autogluon - 여러가지 유형의 데이터.ipynb
[W 2023-12-10 03:10:48.852 ServerApp] 404 GET /api/contents/2023_MP/practice/C9.%20Autogluon%20-%20%EC%8B%9C%EA%B3%84%EC%97%B4%20%EC%9E%90%EB%A3%8C%20%EB%B6%84%EC%84%9D.ipynb?content=0&1702177847091 (79472a27218245fea48d3d8d42bd7d1e@222.105.106.20) 0.51ms referer=http://210.117.173.186:34107/lab?
[W 2023-12-10 03:10:48.852 ServerApp] 404 GET /api/contents/2023_MP/practice/C9.%20Autogluon%20-%20%EC%8B%9C%EA%B3%84%EC%97%B4%20%EC%9E%90%EB%A3%8C%20%EB%B6%84%EC%84%9D.ipynb?content=0&1702177847091 (222.105.106.20): No such file or directory: 2023_MP/practice/C9. Autogluon - 시계열 자료 분석.ipynb
[W 2023-12-10 03:10:49.958 ServerApp] 404 GET /api/contents/2023_MP/practice?1702177848199 (79472a27218245fea48d3d8d42bd7d1e@222.105.106.20) 0.71ms referer=http://210.117.173.186:34107/lab?
[W 2023-12-10 03:10:49.958 ServerApp] 404 GET /api/contents/2023_MP/practice?1702177848199 (222.105.106.20): No such file or directory: 2023_MP/practice
[W 2023-12-10 03:10:56.870 ServerApp] Notebook regression analysis/5. 기초적 통계이론, 변환.ipynb is not trusted
[I 2023-12-10 03:10:57.447 ServerApp] Kernel started: 3b51b382-3185-42bb-95e5-907729497863
[I 2023-12-10 03:10:58.047 ServerApp] Connecting to kernel 3b51b382-3185-42bb-95e5-907729497863.
[I 2023-12-10 03:10:58.118 ServerApp] Connecting to kernel 3b51b382-3185-42bb-95e5-907729497863.
[I 2023-12-10 03:10:58.173 ServerApp] Connecting to kernel 3b51b382-3185-42bb-95e5-907729497863.
trying URL 'https://cran.r-project.org/src/contrib/gap_1.5-3.tar.gz'
Content type 'application/x-gzip' length 4872213 bytes (4.6 MB)
==================================================
downloaded 4.6 MB

* installing *source* package ‘gap’ ...
** package ‘gap’ successfully unpacked and MD5 sums checked
** using staged installation
** libs
using C compiler: ‘x86_64-conda-linux-gnu-cc (conda-forge gcc 13.2.0-3) 13.2.0’
using Fortran compiler: ‘GNU Fortran (conda-forge gcc 13.2.0-3) 13.2.0’
x86_64-conda-linux-gnu-cc -I"/root/anaconda3/envs/r_env/lib/R/include" -DNDEBUG   -DNDEBUG -D_FORTIFY_SOURCE=2 -O2 -isystem /root/anaconda3/envs/r_env/include -I/root/anaconda3/envs/r_env/include -Wl,-rpath-link,/root/anaconda3/envs/r_env/lib    -fpic  -march=nocona -mtune=haswell -ftree-vectorize -fPIC -fstack-protector-strong -fno-plt -O2 -ffunction-sections -pipe -isystem /root/anaconda3/envs/r_env/include -fdebug-prefix-map=/home/conda/feedstock_root/build_artifacts/r-base-split_1700316003380/work=/usr/local/src/conda/r-base-4.3.2 -fdebug-prefix-map=/root/anaconda3/envs/r_env=/usr/local/src/conda-prefix  -c 2k.c -o 2k.o
x86_64-conda-linux-gnu-cc -I"/root/anaconda3/envs/r_env/lib/R/include" -DNDEBUG   -DNDEBUG -D_FORTIFY_SOURCE=2 -O2 -isystem /root/anaconda3/envs/r_env/include -I/root/anaconda3/envs/r_env/include -Wl,-rpath-link,/root/anaconda3/envs/r_env/lib    -fpic  -march=nocona -mtune=haswell -ftree-vectorize -fPIC -fstack-protector-strong -fno-plt -O2 -ffunction-sections -pipe -isystem /root/anaconda3/envs/r_env/include -fdebug-prefix-map=/home/conda/feedstock_root/build_artifacts/r-base-split_1700316003380/work=/usr/local/src/conda/r-base-4.3.2 -fdebug-prefix-map=/root/anaconda3/envs/r_env=/usr/local/src/conda-prefix  -c 2ld.c -o 2ld.o
x86_64-conda-linux-gnu-cc -I"/root/anaconda3/envs/r_env/lib/R/include" -DNDEBUG   -DNDEBUG -D_FORTIFY_SOURCE=2 -O2 -isystem /root/anaconda3/envs/r_env/include -I/root/anaconda3/envs/r_env/include -Wl,-rpath-link,/root/anaconda3/envs/r_env/lib    -fpic  -march=nocona -mtune=haswell -ftree-vectorize -fPIC -fstack-protector-strong -fno-plt -O2 -ffunction-sections -pipe -isystem /root/anaconda3/envs/r_env/include -fdebug-prefix-map=/home/conda/feedstock_root/build_artifacts/r-base-split_1700316003380/work=/usr/local/src/conda/r-base-4.3.2 -fdebug-prefix-map=/root/anaconda3/envs/r_env=/usr/local/src/conda-prefix  -c cline.c -o cline.o
x86_64-conda-linux-gnu-cc -I"/root/anaconda3/envs/r_env/lib/R/include" -DNDEBUG   -DNDEBUG -D_FORTIFY_SOURCE=2 -O2 -isystem /root/anaconda3/envs/r_env/include -I/root/anaconda3/envs/r_env/include -Wl,-rpath-link,/root/anaconda3/envs/r_env/lib    -fpic  -march=nocona -mtune=haswell -ftree-vectorize -fPIC -fstack-protector-strong -fno-plt -O2 -ffunction-sections -pipe -isystem /root/anaconda3/envs/r_env/include -fdebug-prefix-map=/home/conda/feedstock_root/build_artifacts/r-base-split_1700316003380/work=/usr/local/src/conda/r-base-4.3.2 -fdebug-prefix-map=/root/anaconda3/envs/r_env=/usr/local/src/conda-prefix  -c gcontrol_c.c -o gcontrol_c.o
x86_64-conda-linux-gnu-cc -I"/root/anaconda3/envs/r_env/lib/R/include" -DNDEBUG   -DNDEBUG -D_FORTIFY_SOURCE=2 -O2 -isystem /root/anaconda3/envs/r_env/include -I/root/anaconda3/envs/r_env/include -Wl,-rpath-link,/root/anaconda3/envs/r_env/lib    -fpic  -march=nocona -mtune=haswell -ftree-vectorize -fPIC -fstack-protector-strong -fno-plt -O2 -ffunction-sections -pipe -isystem /root/anaconda3/envs/r_env/include -fdebug-prefix-map=/home/conda/feedstock_root/build_artifacts/r-base-split_1700316003380/work=/usr/local/src/conda/r-base-4.3.2 -fdebug-prefix-map=/root/anaconda3/envs/r_env=/usr/local/src/conda-prefix  -c gcx.c -o gcx.o
x86_64-conda-linux-gnu-cc -I"/root/anaconda3/envs/r_env/lib/R/include" -DNDEBUG   -DNDEBUG -D_FORTIFY_SOURCE=2 -O2 -isystem /root/anaconda3/envs/r_env/include -I/root/anaconda3/envs/r_env/include -Wl,-rpath-link,/root/anaconda3/envs/r_env/lib    -fpic  -march=nocona -mtune=haswell -ftree-vectorize -fPIC -fstack-protector-strong -fno-plt -O2 -ffunction-sections -pipe -isystem /root/anaconda3/envs/r_env/include -fdebug-prefix-map=/home/conda/feedstock_root/build_artifacts/r-base-split_1700316003380/work=/usr/local/src/conda/r-base-4.3.2 -fdebug-prefix-map=/root/anaconda3/envs/r_env=/usr/local/src/conda-prefix  -c gif_c.c -o gif_c.o
x86_64-conda-linux-gnu-cc -I"/root/anaconda3/envs/r_env/lib/R/include" -DNDEBUG   -DNDEBUG -D_FORTIFY_SOURCE=2 -O2 -isystem /root/anaconda3/envs/r_env/include -I/root/anaconda3/envs/r_env/include -Wl,-rpath-link,/root/anaconda3/envs/r_env/lib    -fpic  -march=nocona -mtune=haswell -ftree-vectorize -fPIC -fstack-protector-strong -fno-plt -O2 -ffunction-sections -pipe -isystem /root/anaconda3/envs/r_env/include -fdebug-prefix-map=/home/conda/feedstock_root/build_artifacts/r-base-split_1700316003380/work=/usr/local/src/conda/r-base-4.3.2 -fdebug-prefix-map=/root/anaconda3/envs/r_env=/usr/local/src/conda-prefix  -c hap_c.c -o hap_c.o
x86_64-conda-linux-gnu-cc -I"/root/anaconda3/envs/r_env/lib/R/include" -DNDEBUG   -DNDEBUG -D_FORTIFY_SOURCE=2 -O2 -isystem /root/anaconda3/envs/r_env/include -I/root/anaconda3/envs/r_env/include -Wl,-rpath-link,/root/anaconda3/envs/r_env/lib    -fpic  -march=nocona -mtune=haswell -ftree-vectorize -fPIC -fstack-protector-strong -fno-plt -O2 -ffunction-sections -pipe -isystem /root/anaconda3/envs/r_env/include -fdebug-prefix-map=/home/conda/feedstock_root/build_artifacts/r-base-split_1700316003380/work=/usr/local/src/conda/r-base-4.3.2 -fdebug-prefix-map=/root/anaconda3/envs/r_env=/usr/local/src/conda-prefix  -c hwe.hardy.c -o hwe.hardy.o
x86_64-conda-linux-gnu-cc -I"/root/anaconda3/envs/r_env/lib/R/include" -DNDEBUG   -DNDEBUG -D_FORTIFY_SOURCE=2 -O2 -isystem /root/anaconda3/envs/r_env/include -I/root/anaconda3/envs/r_env/include -Wl,-rpath-link,/root/anaconda3/envs/r_env/lib    -fpic  -march=nocona -mtune=haswell -ftree-vectorize -fPIC -fstack-protector-strong -fno-plt -O2 -ffunction-sections -pipe -isystem /root/anaconda3/envs/r_env/include -fdebug-prefix-map=/home/conda/feedstock_root/build_artifacts/r-base-split_1700316003380/work=/usr/local/src/conda/r-base-4.3.2 -fdebug-prefix-map=/root/anaconda3/envs/r_env=/usr/local/src/conda-prefix  -c kin.morgan.c -o kin.morgan.o
x86_64-conda-linux-gnu-cc -I"/root/anaconda3/envs/r_env/lib/R/include" -DNDEBUG   -DNDEBUG -D_FORTIFY_SOURCE=2 -O2 -isystem /root/anaconda3/envs/r_env/include -I/root/anaconda3/envs/r_env/include -Wl,-rpath-link,/root/anaconda3/envs/r_env/lib    -fpic  -march=nocona -mtune=haswell -ftree-vectorize -fPIC -fstack-protector-strong -fno-plt -O2 -ffunction-sections -pipe -isystem /root/anaconda3/envs/r_env/include -fdebug-prefix-map=/home/conda/feedstock_root/build_artifacts/r-base-split_1700316003380/work=/usr/local/src/conda/r-base-4.3.2 -fdebug-prefix-map=/root/anaconda3/envs/r_env=/usr/local/src/conda-prefix  -c makeped_c.c -o makeped_c.o
x86_64-conda-linux-gnu-cc -I"/root/anaconda3/envs/r_env/lib/R/include" -DNDEBUG   -DNDEBUG -D_FORTIFY_SOURCE=2 -O2 -isystem /root/anaconda3/envs/r_env/include -I/root/anaconda3/envs/r_env/include -Wl,-rpath-link,/root/anaconda3/envs/r_env/lib    -fpic  -march=nocona -mtune=haswell -ftree-vectorize -fPIC -fstack-protector-strong -fno-plt -O2 -ffunction-sections -pipe -isystem /root/anaconda3/envs/r_env/include -fdebug-prefix-map=/home/conda/feedstock_root/build_artifacts/r-base-split_1700316003380/work=/usr/local/src/conda/r-base-4.3.2 -fdebug-prefix-map=/root/anaconda3/envs/r_env=/usr/local/src/conda-prefix  -c mia.c -o mia.o
x86_64-conda-linux-gnu-cc -I"/root/anaconda3/envs/r_env/lib/R/include" -DNDEBUG   -DNDEBUG -D_FORTIFY_SOURCE=2 -O2 -isystem /root/anaconda3/envs/r_env/include -I/root/anaconda3/envs/r_env/include -Wl,-rpath-link,/root/anaconda3/envs/r_env/lib    -fpic  -march=nocona -mtune=haswell -ftree-vectorize -fPIC -fstack-protector-strong -fno-plt -O2 -ffunction-sections -pipe -isystem /root/anaconda3/envs/r_env/include -fdebug-prefix-map=/home/conda/feedstock_root/build_artifacts/r-base-split_1700316003380/work=/usr/local/src/conda/r-base-4.3.2 -fdebug-prefix-map=/root/anaconda3/envs/r_env=/usr/local/src/conda-prefix  -c muvar.c -o muvar.o
x86_64-conda-linux-gnu-cc -I"/root/anaconda3/envs/r_env/lib/R/include" -DNDEBUG   -DNDEBUG -D_FORTIFY_SOURCE=2 -O2 -isystem /root/anaconda3/envs/r_env/include -I/root/anaconda3/envs/r_env/include -Wl,-rpath-link,/root/anaconda3/envs/r_env/lib    -fpic  -march=nocona -mtune=haswell -ftree-vectorize -fPIC -fstack-protector-strong -fno-plt -O2 -ffunction-sections -pipe -isystem /root/anaconda3/envs/r_env/include -fdebug-prefix-map=/home/conda/feedstock_root/build_artifacts/r-base-split_1700316003380/work=/usr/local/src/conda/r-base-4.3.2 -fdebug-prefix-map=/root/anaconda3/envs/r_env=/usr/local/src/conda-prefix  -c package_native_routine_registration_skeleton.c -o package_native_routine_registration_skeleton.o
x86_64-conda-linux-gnu-gfortran  -fpic  -march=nocona -mtune=haswell -ftree-vectorize -fPIC -fstack-protector-strong -fno-plt -O2 -ffunction-sections -pipe -isystem /root/anaconda3/envs/r_env/include -fdebug-prefix-map=/home/conda/feedstock_root/build_artifacts/r-base-split_1700316003380/work=/usr/local/src/conda/r-base-4.3.2 -fdebug-prefix-map=/root/anaconda3/envs/r_env=/usr/local/src/conda-prefix  -c pfc.f -o pfc.o
x86_64-conda-linux-gnu-gfortran  -fpic  -march=nocona -mtune=haswell -ftree-vectorize -fPIC -fstack-protector-strong -fno-plt -O2 -ffunction-sections -pipe -isystem /root/anaconda3/envs/r_env/include -fdebug-prefix-map=/home/conda/feedstock_root/build_artifacts/r-base-split_1700316003380/work=/usr/local/src/conda/r-base-4.3.2 -fdebug-prefix-map=/root/anaconda3/envs/r_env=/usr/local/src/conda-prefix  -c pfc.sim.f -o pfc.sim.o
x86_64-conda-linux-gnu-cc -I"/root/anaconda3/envs/r_env/lib/R/include" -DNDEBUG   -DNDEBUG -D_FORTIFY_SOURCE=2 -O2 -isystem /root/anaconda3/envs/r_env/include -I/root/anaconda3/envs/r_env/include -Wl,-rpath-link,/root/anaconda3/envs/r_env/lib    -fpic  -march=nocona -mtune=haswell -ftree-vectorize -fPIC -fstack-protector-strong -fno-plt -O2 -ffunction-sections -pipe -isystem /root/anaconda3/envs/r_env/include -fdebug-prefix-map=/home/conda/feedstock_root/build_artifacts/r-base-split_1700316003380/work=/usr/local/src/conda/r-base-4.3.2 -fdebug-prefix-map=/root/anaconda3/envs/r_env=/usr/local/src/conda-prefix  -c pgc_c.c -o pgc_c.o
x86_64-conda-linux-gnu-cc -I"/root/anaconda3/envs/r_env/lib/R/include" -DNDEBUG   -DNDEBUG -D_FORTIFY_SOURCE=2 -O2 -isystem /root/anaconda3/envs/r_env/include -I/root/anaconda3/envs/r_env/include -Wl,-rpath-link,/root/anaconda3/envs/r_env/lib    -fpic  -march=nocona -mtune=haswell -ftree-vectorize -fPIC -fstack-protector-strong -fno-plt -O2 -ffunction-sections -pipe -isystem /root/anaconda3/envs/r_env/include -fdebug-prefix-map=/home/conda/feedstock_root/build_artifacts/r-base-split_1700316003380/work=/usr/local/src/conda/r-base-4.3.2 -fdebug-prefix-map=/root/anaconda3/envs/r_env=/usr/local/src/conda-prefix  -c whscore.c -o whscore.o
x86_64-conda-linux-gnu-cc -shared -L/root/anaconda3/envs/r_env/lib/R/lib -Wl,-O2 -Wl,--sort-common -Wl,--as-needed -Wl,-z,relro -Wl,-z,now -Wl,--disable-new-dtags -Wl,--gc-sections -Wl,--allow-shlib-undefined -Wl,-rpath,/root/anaconda3/envs/r_env/lib -Wl,-rpath-link,/root/anaconda3/envs/r_env/lib -L/root/anaconda3/envs/r_env/lib -o gap.so 2k.o 2ld.o cline.o gcontrol_c.o gcx.o gif_c.o hap_c.o hwe.hardy.o kin.morgan.o makeped_c.o mia.o muvar.o package_native_routine_registration_skeleton.o pfc.o pfc.sim.o pgc_c.o whscore.o -lgfortran -lm -lquadmath -L/root/anaconda3/envs/r_env/lib/R/lib -lR
installing to /root/anaconda3/envs/r_env/lib/R/library/00LOCK-gap/00new/gap/libs
** R
** data
*** moving datasets to lazyload DB
** demo
** inst
** byte-compile and prepare package for lazy loading
** help
*** installing help indices
** building package indices
** installing vignettes
** testing if installed package can be loaded from temporary location
** checking absolute paths in shared objects and dynamic libraries
** testing if installed package can be loaded from final location
** testing if installed package keeps a record of temporary installation path
* DONE (gap)

The downloaded source packages are in
	‘/tmp/RtmpCD8CFC/downloaded_packages’
[I 2023-12-10 03:11:29.045 ServerApp] Starting buffering for 3b51b382-3185-42bb-95e5-907729497863:4a02f564-2fbd-4b42-83a2-ff56faeb91f7
